Determining if the pthread_create exist failed with the following output:
Change Dir: /home/lanath/repo/bkc/build/CMakeFiles/CMakeTmp

Run Build Command:"/usr/bin/gmake" "cmTC_b07a4/fast"
/usr/bin/gmake -f CMakeFiles/cmTC_b07a4.dir/build.make CMakeFiles/cmTC_b07a4.dir/build
gmake[1] : on entre dans le répertoire « /home/lanath/repo/bkc/build/CMakeFiles/CMakeTmp »
Building C object CMakeFiles/cmTC_b07a4.dir/CheckSymbolExists.c.o
/usr/bin/cc    -o CMakeFiles/cmTC_b07a4.dir/CheckSymbolExists.c.o   -c /home/lanath/repo/bkc/build/CMakeFiles/CMakeTmp/CheckSymbolExists.c
Linking C executable cmTC_b07a4
/usr/bin/cmake -E cmake_link_script CMakeFiles/cmTC_b07a4.dir/link.txt --verbose=1
/usr/bin/cc      -rdynamic CMakeFiles/cmTC_b07a4.dir/CheckSymbolExists.c.o  -o cmTC_b07a4 
CMakeFiles/cmTC_b07a4.dir/CheckSymbolExists.c.o : Dans la fonction « main » :
CheckSymbolExists.c:(.text+0x16) : référence indéfinie vers « pthread_create »
collect2: error: ld a retourné le statut de sortie 1
gmake[1]: *** [CMakeFiles/cmTC_b07a4.dir/build.make:87: cmTC_b07a4] Error 1
gmake[1] : on quitte le répertoire « /home/lanath/repo/bkc/build/CMakeFiles/CMakeTmp »
gmake: *** [Makefile:126: cmTC_b07a4/fast] Error 2

File /home/lanath/repo/bkc/build/CMakeFiles/CMakeTmp/CheckSymbolExists.c:
/* */
#include <pthread.h>

int main(int argc, char** argv)
{
  (void)argv;
#ifndef pthread_create
  return ((int*)(&pthread_create))[argc];
#else
  (void)argc;
  return 0;
#endif
}

